<?xml version="1.0" encoding="UTF-8"?>
<testsuite name="ru.nsu.rebrin.HashTableTest" tests="8" skipped="0" failures="0" errors="0" timestamp="2024-11-03T16:55:33" hostname="DESKTOP-U6FIPIN" time="0.13">
  <properties/>
  <testcase name="testToString()" classname="ru.nsu.rebrin.HashTableTest" time="0.064"/>
  <testcase name="testContainsKey()" classname="ru.nsu.rebrin.HashTableTest" time="0.003"/>
  <testcase name="testPutAndGet()" classname="ru.nsu.rebrin.HashTableTest" time="0.019"/>
  <testcase name="testConcurrentModification()" classname="ru.nsu.rebrin.HashTableTest" time="0.012"/>
  <testcase name="testEquals()" classname="ru.nsu.rebrin.HashTableTest" time="0.002"/>
  <testcase name="testRemove()" classname="ru.nsu.rebrin.HashTableTest" time="0.002"/>
  <testcase name="testUpdate()" classname="ru.nsu.rebrin.HashTableTest" time="0.005"/>
  <testcase name="testIterator()" classname="ru.nsu.rebrin.HashTableTest" time="0.005"/>
  <system-out><![CDATA[]]></system-out>
  <system-err><![CDATA[]]></system-err>
</testsuite>
